<?xml version="1.0" encoding="UTF-8"?>
<testng-results ignored="0" total="1" passed="1" failed="0" skipped="0">
  <reporter-output>
  </reporter-output>
  <suite started-at="2023-09-01T15:40:30 IST" name="Default suite" finished-at="2023-09-01T15:40:46 IST" duration-ms="15384">
    <groups>
    </groups>
    <test started-at="2023-09-01T15:40:30 IST" name="Default test" finished-at="2023-09-01T15:40:46 IST" duration-ms="15384">
      <class name="sellenium.grid.selenium">
        <test-method is-config="true" signature="setUp()[pri:0, instance:sellenium.grid.selenium@202b0582]" started-at="2023-09-01T15:40:30 IST" name="setUp" finished-at="2023-09-01T15:40:42 IST" duration-ms="11669" status="PASS">
          <reporter-output>
          </reporter-output>
        </test-method> <!-- setUp -->
        <test-method signature="testGrid()[pri:0, instance:sellenium.grid.selenium@202b0582]" started-at="2023-09-01T15:40:42 IST" name="testGrid" finished-at="2023-09-01T15:40:45 IST" duration-ms="3162" status="PASS">
          <reporter-output>
          </reporter-output>
        </test-method> <!-- testGrid -->
        <test-method is-config="true" signature="tearDown()[pri:0, instance:sellenium.grid.selenium@202b0582]" started-at="2023-09-01T15:40:45 IST" name="tearDown" finished-at="2023-09-01T15:40:46 IST" duration-ms="472" status="PASS">
          <reporter-output>
          </reporter-output>
        </test-method> <!-- tearDown -->
      </class> <!-- sellenium.grid.selenium -->
    </test> <!-- Default test -->
  </suite> <!-- Default suite -->
</testng-results>
